# JRE version: OpenJDK Runtime Environment (11.0.8+10) (build 11.0.8+10-b944.6842174)
# Java VM: OpenJDK 64-Bit Server VM (11.0.8+10-b944.6842174, mixed mode, tiered, compressed oops, g1 gc, windows-amd64)
Heap:
 garbage-first heap   total 459776K, used 77540K [0x0000000080000000, 0x0000000100000000)
  region size 1024K, 10 young (10240K), 10 survivors (10240K)
 Metaspace       used 47466K, capacity 48797K, committed 49024K, reserved 1091584K
  class space    used 6041K, capacity 6484K, committed 6528K, reserved 1048576K
GC Heap History (20 events):
Event: 13.000 GC heap after
{Heap after GC invocations=31 (full 0):
 garbage-first heap   total 118784K, used 64917K [0x0000000080000000, 0x0000000100000000)
  region size 1024K, 4 young (4096K), 4 survivors (4096K)
 Metaspace       used 47194K, capacity 48540K, committed 48768K, reserved 1091584K
  class space    used 6021K, capacity 6443K, committed 6528K, reserved 1048576K
}
Event: 13.092 GC heap before
{Heap before GC invocations=31 (full 0):
 garbage-first heap   total 118784K, used 96661K [0x0000000080000000, 0x0000000100000000)
  region size 1024K, 35 young (35840K), 4 survivors (4096K)
 Metaspace       used 47201K, capacity 48540K, committed 48768K, reserved 1091584K
  class space    used 6021K, capacity 6443K, committed 6528K, reserved 1048576K
}
Event: 13.101 GC heap after
{Heap after GC invocations=32 (full 0):
 garbage-first heap   total 118784K, used 66836K [0x0000000080000000, 0x0000000100000000)
  region size 1024K, 5 young (5120K), 5 survivors (5120K)
 Metaspace       used 47201K, capacity 48540K, committed 48768K, reserved 1091584K
  class space    used 6021K, capacity 6443K, committed 6528K, reserved 1048576K
}
Event: 13.183 GC heap before
{Heap before GC invocations=33 (full 0):
 garbage-first heap   total 118784K, used 96532K [0x0000000080000000, 0x0000000100000000)
  region size 1024K, 34 young (34816K), 5 survivors (5120K)
 Metaspace       used 47201K, capacity 48540K, committed 48768K, reserved 1091584K
  class space    used 6021K, capacity 6443K, committed 6528K, reserved 1048576K
}
Event: 13.191 GC heap after
{Heap after GC invocations=34 (full 0):
 garbage-first heap   total 189440K, used 68753K [0x0000000080000000, 0x0000000100000000)
  region size 1024K, 5 young (5120K), 5 survivors (5120K)
 Metaspace       used 47201K, capacity 48540K, committed 48768K, reserved 1091584K
  class space    used 6021K, capacity 6443K, committed 6528K, reserved 1048576K
}
Event: 13.357 GC heap before
{Heap before GC invocations=34 (full 0):
 garbage-first heap   total 189440K, used 139409K [0x0000000080000000, 0x0000000100000000)
  region size 1024K, 75 young (76800K), 5 survivors (5120K)
 Metaspace       used 47201K, capacity 48540K, committed 48768K, reserved 1091584K
  class space    used 6021K, capacity 6443K, committed 6528K, reserved 1048576K
}
Event: 13.363 GC heap after
{Heap after GC invocations=35 (full 0):
 garbage-first heap   total 189440K, used 70798K [0x0000000080000000, 0x0000000100000000)
  region size 1024K, 7 young (7168K), 7 survivors (7168K)
 Metaspace       used 47201K, capacity 48540K, committed 48768K, reserved 1091584K
  class space    used 6021K, capacity 6443K, committed 6528K, reserved 1048576K
}
Event: 13.608 GC heap before
{Heap before GC invocations=35 (full 0):
 garbage-first heap   total 189440K, used 144526K [0x0000000080000000, 0x0000000100000000)
  region size 1024K, 81 young (82944K), 7 survivors (7168K)
 Metaspace       used 47201K, capacity 48540K, committed 48768K, reserved 1091584K
  class space    used 6021K, capacity 6443K, committed 6528K, reserved 1048576K
}
Event: 13.617 GC heap after
{Heap after GC invocations=36 (full 0):
 garbage-first heap   total 189440K, used 72177K [0x0000000080000000, 0x0000000100000000)
  region size 1024K, 7 young (7168K), 7 survivors (7168K)
 Metaspace       used 47201K, capacity 48540K, committed 48768K, reserved 1091584K
  class space    used 6021K, capacity 6443K, committed 6528K, reserved 1048576K
}
Event: 13.839 GC heap before
{Heap before GC invocations=36 (full 0):
 garbage-first heap   total 189440K, used 144881K [0x0000000080000000, 0x0000000100000000)
  region size 1024K, 79 young (80896K), 7 survivors (7168K)
 Metaspace       used 47202K, capacity 48540K, committed 48768K, reserved 1091584K
  class space    used 6021K, capacity 6443K, committed 6528K, reserved 1048576K
}
Event: 13.846 GC heap after
{Heap after GC invocations=37 (full 0):
 garbage-first heap   total 189440K, used 72553K [0x0000000080000000, 0x0000000100000000)
  region size 1024K, 7 young (7168K), 7 survivors (7168K)
 Metaspace       used 47202K, capacity 48540K, committed 48768K, reserved 1091584K
  class space    used 6021K, capacity 6443K, committed 6528K, reserved 1048576K
}
Event: 14.030 GC heap before
{Heap before GC invocations=37 (full 0):
 garbage-first heap   total 189440K, used 147305K [0x0000000080000000, 0x0000000100000000)
  region size 1024K, 81 young (82944K), 7 survivors (7168K)
 Metaspace       used 47208K, capacity 48540K, committed 48768K, reserved 1091584K
  class space    used 6021K, capacity 6443K, committed 6528K, reserved 1048576K
}
Event: 14.043 GC heap after
{Heap after GC invocations=38 (full 0):
 garbage-first heap   total 327680K, used 71498K [0x0000000080000000, 0x0000000100000000)
  region size 1024K, 6 young (6144K), 6 survivors (6144K)
 Metaspace       used 47208K, capacity 48540K, committed 48768K, reserved 1091584K
  class space    used 6021K, capacity 6443K, committed 6528K, reserved 1048576K
}
Event: 14.679 GC heap before
{Heap before GC invocations=38 (full 0):
 garbage-first heap   total 327680K, used 261962K [0x0000000080000000, 0x0000000100000000)
  region size 1024K, 192 young (196608K), 6 survivors (6144K)
 Metaspace       used 47212K, capacity 48540K, committed 48768K, reserved 1091584K
  class space    used 6021K, capacity 6443K, committed 6528K, reserved 1048576K
}
Event: 14.688 GC heap after
{Heap after GC invocations=39 (full 0):
 garbage-first heap   total 327680K, used 80815K [0x0000000080000000, 0x0000000100000000)
  region size 1024K, 15 young (15360K), 15 survivors (15360K)
 Metaspace       used 47212K, capacity 48540K, committed 48768K, reserved 1091584K
  class space    used 6021K, capacity 6443K, committed 6528K, reserved 1048576K
}
Event: 15.266 GC heap before
{Heap before GC invocations=39 (full 0):
 garbage-first heap   total 327680K, used 247727K [0x0000000080000000, 0x0000000100000000)
  region size 1024K, 180 young (184320K), 15 survivors (15360K)
 Metaspace       used 47260K, capacity 48573K, committed 48768K, reserved 1091584K
  class space    used 6029K, capacity 6475K, committed 6528K, reserved 1048576K
}
Event: 15.279 GC heap after
{Heap after GC invocations=40 (full 0):
 garbage-first heap   total 327680K, used 82139K [0x0000000080000000, 0x0000000100000000)
  region size 1024K, 14 young (14336K), 14 survivors (14336K)
 Metaspace       used 47260K, capacity 48573K, committed 48768K, reserved 1091584K
  class space    used 6029K, capacity 6475K, committed 6528K, reserved 1048576K
}
Event: 15.714 GC heap before
{Heap before GC invocations=40 (full 0):
 garbage-first heap   total 327680K, used 250075K [0x0000000080000000, 0x0000000100000000)
  region size 1024K, 179 young (183296K), 14 survivors (14336K)
 Metaspace       used 47261K, capacity 48573K, committed 48768K, reserved 1091584K
  class space    used 6029K, capacity 6475K, committed 6528K, reserved 1048576K
}
Event: 15.722 GC heap after
{Heap after GC invocations=41 (full 0):
 garbage-first heap   total 327680K, used 81986K [0x0000000080000000, 0x0000000100000000)
  region size 1024K, 13 young (13312K), 13 survivors (13312K)
 Metaspace       used 47261K, capacity 48573K, committed 48768K, reserved 1091584K
  class space    used 6029K, capacity 6475K, committed 6528K, reserved 1048576K
}
Event: 17.739 GC heap before
{Heap before GC invocations=41 (full 0):
 garbage-first heap   total 327680K, used 257090K [0x0000000080000000, 0x0000000100000000)
  region size 1024K, 183 young (187392K), 13 survivors (13312K)
 Metaspace       used 47466K, capacity 48797K, committed 49024K, reserved 1091584K
  class space    used 6041K, capacity 6484K, committed 6528K, reserved 1048576K
}

