# JRE version: OpenJDK Runtime Environment (11.0.8+10) (build 11.0.8+10-b944.6842174)
# Java VM: OpenJDK 64-Bit Server VM (11.0.8+10-b944.6842174, mixed mode, tiered, compressed oops, g1 gc, windows-amd64)
Heap:
 garbage-first heap   total 339968K, used 110753K [0x0000000080000000, 0x0000000100000000)
  region size 1024K, 6 young (6144K), 6 survivors (6144K)
 Metaspace       used 111530K, capacity 114541K, committed 114940K, reserved 1148928K
  class space    used 13572K, capacity 14544K, committed 14720K, reserved 1048576K
GC Heap History (20 events):
Event: 9082.774 GC heap after
{Heap after GC invocations=116 (full 0):
 garbage-first heap   total 172032K, used 103646K [0x0000000080000000, 0x0000000100000000)
  region size 1024K, 3 young (3072K), 3 survivors (3072K)
 Metaspace       used 111492K, capacity 114541K, committed 114940K, reserved 1148928K
  class space    used 13571K, capacity 14544K, committed 14720K, reserved 1048576K
}
Event: 9082.795 GC heap before
{Heap before GC invocations=116 (full 0):
 garbage-first heap   total 172032K, used 107742K [0x0000000080000000, 0x0000000100000000)
  region size 1024K, 9 young (9216K), 3 survivors (3072K)
 Metaspace       used 111493K, capacity 114541K, committed 114940K, reserved 1148928K
  class space    used 13571K, capacity 14544K, committed 14720K, reserved 1048576K
}
Event: 9082.806 GC heap after
{Heap after GC invocations=117 (full 0):
 garbage-first heap   total 172032K, used 102579K [0x0000000080000000, 0x0000000100000000)
  region size 1024K, 1 young (1024K), 1 survivors (1024K)
 Metaspace       used 111493K, capacity 114541K, committed 114940K, reserved 1148928K
  class space    used 13571K, capacity 14544K, committed 14720K, reserved 1048576K
}
Event: 9082.950 GC heap before
{Heap before GC invocations=117 (full 0):
 garbage-first heap   total 172032K, used 143539K [0x0000000080000000, 0x0000000100000000)
  region size 1024K, 43 young (44032K), 1 survivors (1024K)
 Metaspace       used 111495K, capacity 114541K, committed 114940K, reserved 1148928K
  class space    used 13571K, capacity 14544K, committed 14720K, reserved 1048576K
}
Event: 9082.957 GC heap after
{Heap after GC invocations=118 (full 0):
 garbage-first heap   total 172032K, used 105255K [0x0000000080000000, 0x0000000100000000)
  region size 1024K, 4 young (4096K), 4 survivors (4096K)
 Metaspace       used 111495K, capacity 114541K, committed 114940K, reserved 1148928K
  class space    used 13571K, capacity 14544K, committed 14720K, reserved 1048576K
}
Event: 9083.114 GC heap before
{Heap before GC invocations=118 (full 0):
 garbage-first heap   total 172032K, used 144167K [0x0000000080000000, 0x0000000100000000)
  region size 1024K, 43 young (44032K), 4 survivors (4096K)
 Metaspace       used 111495K, capacity 114541K, committed 114940K, reserved 1148928K
  class space    used 13571K, capacity 14544K, committed 14720K, reserved 1048576K
}
Event: 9083.128 GC heap after
{Heap after GC invocations=119 (full 0):
 garbage-first heap   total 172032K, used 105408K [0x0000000080000000, 0x0000000100000000)
  region size 1024K, 3 young (3072K), 3 survivors (3072K)
 Metaspace       used 111495K, capacity 114541K, committed 114940K, reserved 1148928K
  class space    used 13571K, capacity 14544K, committed 14720K, reserved 1048576K
}
Event: 9083.301 GC heap before
{Heap before GC invocations=120 (full 0):
 garbage-first heap   total 172032K, used 146368K [0x0000000080000000, 0x0000000100000000)
  region size 1024K, 43 young (44032K), 3 survivors (3072K)
 Metaspace       used 111514K, capacity 114541K, committed 114940K, reserved 1148928K
  class space    used 13572K, capacity 14544K, committed 14720K, reserved 1048576K
}
Event: 9083.308 GC heap after
{Heap after GC invocations=121 (full 0):
 garbage-first heap   total 172032K, used 106380K [0x0000000080000000, 0x0000000100000000)
  region size 1024K, 4 young (4096K), 4 survivors (4096K)
 Metaspace       used 111514K, capacity 114541K, committed 114940K, reserved 1148928K
  class space    used 13572K, capacity 14544K, committed 14720K, reserved 1048576K
}
Event: 9083.319 GC heap before
{Heap before GC invocations=121 (full 0):
 garbage-first heap   total 172032K, used 109452K [0x0000000080000000, 0x0000000100000000)
  region size 1024K, 8 young (8192K), 4 survivors (4096K)
 Metaspace       used 111514K, capacity 114541K, committed 114940K, reserved 1148928K
  class space    used 13572K, capacity 14544K, committed 14720K, reserved 1048576K
}
Event: 9083.327 GC heap after
{Heap after GC invocations=122 (full 0):
 garbage-first heap   total 172032K, used 103584K [0x0000000080000000, 0x0000000100000000)
  region size 1024K, 1 young (1024K), 1 survivors (1024K)
 Metaspace       used 111514K, capacity 114541K, committed 114940K, reserved 1148928K
  class space    used 13572K, capacity 14544K, committed 14720K, reserved 1048576K
}
Event: 9083.441 GC heap before
{Heap before GC invocations=122 (full 0):
 garbage-first heap   total 172032K, used 144544K [0x0000000080000000, 0x0000000100000000)
  region size 1024K, 41 young (41984K), 1 survivors (1024K)
 Metaspace       used 111523K, capacity 114541K, committed 114940K, reserved 1148928K
  class space    used 13572K, capacity 14544K, committed 14720K, reserved 1048576K
}
Event: 9083.455 GC heap after
{Heap after GC invocations=123 (full 0):
 garbage-first heap   total 222208K, used 106415K [0x0000000080000000, 0x0000000100000000)
  region size 1024K, 4 young (4096K), 4 survivors (4096K)
 Metaspace       used 111523K, capacity 114541K, committed 114940K, reserved 1148928K
  class space    used 13572K, capacity 14544K, committed 14720K, reserved 1048576K
}
Event: 9083.840 GC heap before
{Heap before GC invocations=124 (full 0):
 garbage-first heap   total 222208K, used 179119K [0x0000000080000000, 0x0000000100000000)
  region size 1024K, 77 young (78848K), 4 survivors (4096K)
 Metaspace       used 111527K, capacity 114541K, committed 114940K, reserved 1148928K
  class space    used 13572K, capacity 14544K, committed 14720K, reserved 1048576K
}
Event: 9083.849 GC heap after
{Heap after GC invocations=125 (full 0):
 garbage-first heap   total 222208K, used 108631K [0x0000000080000000, 0x0000000100000000)
  region size 1024K, 6 young (6144K), 6 survivors (6144K)
 Metaspace       used 111527K, capacity 114541K, committed 114940K, reserved 1148928K
  class space    used 13572K, capacity 14544K, committed 14720K, reserved 1048576K
}
Event: 9084.102 GC heap before
{Heap before GC invocations=125 (full 0):
 garbage-first heap   total 222208K, used 180311K [0x0000000080000000, 0x0000000100000000)
  region size 1024K, 78 young (79872K), 6 survivors (6144K)
 Metaspace       used 111527K, capacity 114541K, committed 114940K, reserved 1148928K
  class space    used 13572K, capacity 14544K, committed 14720K, reserved 1048576K
}
Event: 9084.115 GC heap after
{Heap after GC invocations=126 (full 0):
 garbage-first heap   total 222208K, used 110304K [0x0000000080000000, 0x0000000100000000)
  region size 1024K, 7 young (7168K), 7 survivors (7168K)
 Metaspace       used 111527K, capacity 114541K, committed 114940K, reserved 1148928K
  class space    used 13572K, capacity 14544K, committed 14720K, reserved 1048576K
}
Event: 9084.411 GC heap before
{Heap before GC invocations=127 (full 0):
 garbage-first heap   total 222208K, used 159456K [0x0000000080000000, 0x0000000100000000)
  region size 1024K, 56 young (57344K), 7 survivors (7168K)
 Metaspace       used 111527K, capacity 114541K, committed 114940K, reserved 1148928K
  class space    used 13572K, capacity 14544K, committed 14720K, reserved 1048576K
}
Event: 9084.425 GC heap after
{Heap after GC invocations=128 (full 0):
 garbage-first heap   total 222208K, used 111848K [0x0000000080000000, 0x0000000100000000)
  region size 1024K, 8 young (8192K), 8 survivors (8192K)
 Metaspace       used 111527K, capacity 114541K, committed 114940K, reserved 1148928K
  class space    used 13572K, capacity 14544K, committed 14720K, reserved 1048576K
}
Event: 9084.774 GC heap before
{Heap before GC invocations=129 (full 0):
 garbage-first heap   total 222208K, used 181480K [0x0000000080000000, 0x0000000100000000)
  region size 1024K, 76 young (77824K), 8 survivors (8192K)
 Metaspace       used 111530K, capacity 114541K, committed 114940K, reserved 1148928K
  class space    used 13572K, capacity 14544K, committed 14720K, reserved 1048576K
}

